<?xml version="1.0" encoding="UTF-8"?>
<testsuites name="lazada" time="320.498" tests="7" failures="0" errors="0">
   <testsuite name="lazada" tests="7" failures="0" errors="0" time="320.498" skipped="0" timestamp="2024-06-25 10:25:43" hostname="LENOVO - DESKTOP-PAESQ7A" id="Test Suites/lazada">
      <properties>
         <property name="deviceName" value=""/>
         <property name="devicePlatform" value=""/>
         <property name="logFolder" value="E:\\- FILE ELVIA\\Katalon\\PROJECT\\OnlineShop\\Reports\\20240625_102531\\lazada\\20240625_102531"/>
         <property name="logFiles" value="E:\\- FILE ELVIA\\Katalon\\PROJECT\\OnlineShop\\Reports\\20240625_102531\\lazada\\20240625_102531\\execution0.log"/>
         <property name="attachments" value=""/>
         <property name="hostName" value="LENOVO - DESKTOP-PAESQ7A"/>
         <property name="os" value="Windows 10 64bit"/>
         <property name="katalonVersion" value="8.6.6.208"/>
         <property name="browser" value="Chrome 126.0.0.0"/>
         <property name="hostAddress" value="10.16.112.109"/>
         <property name="sessionId" value="c88234add151be9241903d962bfbe9e9"/>
         <property name="seleniumVersion" value="3.141.59"/>
         <property name="proxyInformation" value="ProxyInformation { proxyOption=NO_PROXY, proxyServerType=HTTP, username=, password=********, proxyServerAddress=, proxyServerPort=0, executionList=&quot;&quot;, isApplyToDesiredCapabilities=true }"/>
         <property name="platform" value="Windows 10"/>
      </properties>
      <testcase name="Test Cases/Lazada/RegisterNewMember" time="50.54" classname="Test Cases/Lazada/RegisterNewMember" status="PASSED">
         <system-out><![CDATA[2024-06-25 10:25:43 - [TEST_CASE][PASSED] - Test Cases/Lazada/RegisterNewMember: Test Cases/Lazada/RegisterNewMember

2024-06-25 10:25:43 - [TEST_STEP][PASSED] - openBrowser(lazada): Browser is opened with url: 'https://www.lazada.co.id/'

2024-06-25 10:25:44 - [MESSAGE][INFO] - Starting 'Chrome' driver

2024-06-25 10:25:44 - [MESSAGE][INFO] - Action delay is set to 0 milliseconds

2024-06-25 10:26:10 - [MESSAGE][PASSED] - Browser is opened with url: 'https://www.lazada.co.id/'

2024-06-25 10:26:10 - [TEST_STEP][PASSED] - maximizeWindow(): Current window maximized

2024-06-25 10:26:10 - [MESSAGE][PASSED] - Current window maximized

2024-06-25 10:26:10 - [TEST_STEP][PASSED] - click(findTestObject("div", ["attr":"@id", "val":"anonSignup"])): Object: 'Object Repository/div' is clicked on

2024-06-25 10:26:34 - [MESSAGE][PASSED] - Object: 'Object Repository/div' is clicked on]]></system-out>
         <system-err><![CDATA[]]></system-err>
      </testcase>
      <testcase name="Test Cases/Lazada/Login" time="50.205" classname="Test Cases/Lazada/Login" status="PASSED">
         <system-out><![CDATA[2024-06-25 10:26:34 - [TEST_CASE][PASSED] - Test Cases/Lazada/Login: Test Cases/Lazada/Login

2024-06-25 10:26:34 - [TEST_STEP][PASSED] - openBrowser(lazada): Browser is opened with url: 'https://www.lazada.co.id/'

2024-06-25 10:26:34 - [MESSAGE][WARNING] - A browser is already opened. Closing browser and opening a new one

2024-06-25 10:26:35 - [MESSAGE][INFO] - Starting 'Chrome' driver

2024-06-25 10:26:35 - [MESSAGE][INFO] - Action delay is set to 0 milliseconds

2024-06-25 10:27:00 - [MESSAGE][PASSED] - Browser is opened with url: 'https://www.lazada.co.id/'

2024-06-25 10:27:00 - [TEST_STEP][PASSED] - maximizeWindow(): Current window maximized

2024-06-25 10:27:00 - [MESSAGE][PASSED] - Current window maximized

2024-06-25 10:27:00 - [TEST_STEP][PASSED] - click(findTestObject("div", ["attr":"@id", "val":"anonLogin"])): Object: 'Object Repository/div' is clicked on

2024-06-25 10:27:24 - [MESSAGE][PASSED] - Object: 'Object Repository/div' is clicked on]]></system-out>
         <system-err><![CDATA[]]></system-err>
      </testcase>
      <testcase name="Test Cases/Lazada/OtomotiveShopping" time="28.237" classname="Test Cases/Lazada/OtomotiveShopping" status="PASSED">
         <system-out><![CDATA[2024-06-25 10:27:24 - [TEST_CASE][PASSED] - Test Cases/Lazada/OtomotiveShopping: Test Cases/Lazada/OtomotiveShopping

2024-06-25 10:27:25 - [TEST_STEP][PASSED] - callTestCase(findTestCase("LIBS/Lazada MainFeature"), ["MainMenu":MainMenu], STOP_ON_FAILURE): Call Test Case 'Test Cases/LIBS/Lazada MainFeature' successfully

2024-06-25 10:27:25 - [TEST_CASE][PASSED] - Test Cases/LIBS/Lazada MainFeature: Test Cases/LIBS/Lazada MainFeature

2024-06-25 10:27:25 - [TEST_STEP][PASSED] - openBrowser(lazada): Browser is opened with url: 'https://www.lazada.co.id/'

2024-06-25 10:27:25 - [MESSAGE][WARNING] - A browser is already opened. Closing browser and opening a new one

2024-06-25 10:27:26 - [MESSAGE][INFO] - Starting 'Chrome' driver

2024-06-25 10:27:26 - [MESSAGE][INFO] - Action delay is set to 0 milliseconds

2024-06-25 10:27:50 - [MESSAGE][PASSED] - Browser is opened with url: 'https://www.lazada.co.id/'

2024-06-25 10:27:50 - [TEST_STEP][PASSED] - maximizeWindow(): Current window maximized

2024-06-25 10:27:51 - [MESSAGE][PASSED] - Current window maximized

2024-06-25 10:27:51 - [TEST_STEP][PASSED] - click(findTestObject("div contains", ["attr":"@channelname", "val":MainMenu])): Object: 'Object Repository/div contains' is clicked on

2024-06-25 10:27:52 - [MESSAGE][PASSED] - Object: 'Object Repository/div contains' is clicked on

2024-06-25 10:27:52 - [MESSAGE][PASSED] - Call Test Case 'Test Cases/LIBS/Lazada MainFeature' successfully]]></system-out>
         <system-err><![CDATA[]]></system-err>
      </testcase>
      <testcase name="Test Cases/Lazada/TopupPhonenumberBalance" time="27.839" classname="Test Cases/Lazada/TopupPhonenumberBalance" status="PASSED">
         <system-out><![CDATA[2024-06-25 10:27:52 - [TEST_CASE][PASSED] - Test Cases/Lazada/TopupPhonenumberBalance: Test Cases/Lazada/TopupPhonenumberBalance

2024-06-25 10:27:52 - [TEST_STEP][PASSED] - callTestCase(findTestCase("LIBS/Lazada MainFeature"), ["MainMenu":MainMenu], STOP_ON_FAILURE): Call Test Case 'Test Cases/LIBS/Lazada MainFeature' successfully

2024-06-25 10:27:53 - [TEST_CASE][PASSED] - Test Cases/LIBS/Lazada MainFeature: Test Cases/LIBS/Lazada MainFeature

2024-06-25 10:27:53 - [TEST_STEP][PASSED] - openBrowser(lazada): Browser is opened with url: 'https://www.lazada.co.id/'

2024-06-25 10:27:53 - [MESSAGE][WARNING] - A browser is already opened. Closing browser and opening a new one

2024-06-25 10:27:53 - [MESSAGE][INFO] - Starting 'Chrome' driver

2024-06-25 10:27:53 - [MESSAGE][INFO] - Action delay is set to 0 milliseconds

2024-06-25 10:28:18 - [MESSAGE][PASSED] - Browser is opened with url: 'https://www.lazada.co.id/'

2024-06-25 10:28:18 - [TEST_STEP][PASSED] - maximizeWindow(): Current window maximized

2024-06-25 10:28:18 - [MESSAGE][PASSED] - Current window maximized

2024-06-25 10:28:18 - [TEST_STEP][PASSED] - click(findTestObject("div contains", ["attr":"@channelname", "val":MainMenu])): Object: 'Object Repository/div contains' is clicked on

2024-06-25 10:28:20 - [MESSAGE][PASSED] - Object: 'Object Repository/div contains' is clicked on

2024-06-25 10:28:20 - [MESSAGE][PASSED] - Call Test Case 'Test Cases/LIBS/Lazada MainFeature' successfully]]></system-out>
         <system-err><![CDATA[]]></system-err>
      </testcase>
      <testcase name="Test Cases/Lazada/ReserveFashionVoucher" time="26.961" classname="Test Cases/Lazada/ReserveFashionVoucher" status="PASSED">
         <system-out><![CDATA[2024-06-25 10:28:20 - [TEST_CASE][PASSED] - Test Cases/Lazada/ReserveFashionVoucher: Test Cases/Lazada/ReserveFashionVoucher

2024-06-25 10:28:20 - [TEST_STEP][PASSED] - callTestCase(findTestCase("LIBS/Lazada MainFeature"), ["MainMenu":mainMenu], STOP_ON_FAILURE): Call Test Case 'Test Cases/LIBS/Lazada MainFeature' successfully

2024-06-25 10:28:20 - [TEST_CASE][PASSED] - Test Cases/LIBS/Lazada MainFeature: Test Cases/LIBS/Lazada MainFeature

2024-06-25 10:28:20 - [TEST_STEP][PASSED] - openBrowser(lazada): Browser is opened with url: 'https://www.lazada.co.id/'

2024-06-25 10:28:20 - [MESSAGE][WARNING] - A browser is already opened. Closing browser and opening a new one

2024-06-25 10:28:21 - [MESSAGE][INFO] - Starting 'Chrome' driver

2024-06-25 10:28:21 - [MESSAGE][INFO] - Action delay is set to 0 milliseconds

2024-06-25 10:28:45 - [MESSAGE][PASSED] - Browser is opened with url: 'https://www.lazada.co.id/'

2024-06-25 10:28:45 - [TEST_STEP][PASSED] - maximizeWindow(): Current window maximized

2024-06-25 10:28:46 - [MESSAGE][PASSED] - Current window maximized

2024-06-25 10:28:46 - [TEST_STEP][PASSED] - click(findTestObject("div contains", ["attr":"@channelname", "val":MainMenu])): Object: 'Object Repository/div contains' is clicked on

2024-06-25 10:28:47 - [MESSAGE][PASSED] - Object: 'Object Repository/div contains' is clicked on

2024-06-25 10:28:47 - [MESSAGE][PASSED] - Call Test Case 'Test Cases/LIBS/Lazada MainFeature' successfully]]></system-out>
         <system-err><![CDATA[]]></system-err>
      </testcase>
      <testcase name="Test Cases/Lazada/inputFeedback" time="27.26" classname="Test Cases/Lazada/inputFeedback" status="PASSED">
         <system-out><![CDATA[2024-06-25 10:28:47 - [TEST_CASE][PASSED] - Test Cases/Lazada/inputFeedback: Test Cases/Lazada/inputFeedback

2024-06-25 10:28:47 - [TEST_STEP][PASSED] - openBrowser(lazada): Browser is opened with url: 'https://www.lazada.co.id/'

2024-06-25 10:28:47 - [MESSAGE][WARNING] - A browser is already opened. Closing browser and opening a new one

2024-06-25 10:28:48 - [MESSAGE][INFO] - Starting 'Chrome' driver

2024-06-25 10:28:48 - [MESSAGE][INFO] - Action delay is set to 0 milliseconds

2024-06-25 10:28:50 - [MESSAGE][PASSED] - Browser is opened with url: 'https://www.lazada.co.id/'

2024-06-25 10:28:50 - [TEST_STEP][PASSED] - maximizeWindow(): Current window maximized

2024-06-25 10:29:12 - [MESSAGE][PASSED] - Current window maximized

2024-06-25 10:29:12 - [TEST_STEP][PASSED] - click(findTestObject("div", ["attr":"@id", "val":"topActionFeedback"])): Object: 'Object Repository/div' is clicked on

2024-06-25 10:29:14 - [MESSAGE][PASSED] - Object: 'Object Repository/div' is clicked on]]></system-out>
         <system-err><![CDATA[]]></system-err>
      </testcase>
      <testcase name="Test Cases/Lazada/joinSeller" time="109.027" classname="Test Cases/Lazada/joinSeller" status="PASSED">
         <system-out><![CDATA[2024-06-25 10:29:14 - [TEST_CASE][PASSED] - Test Cases/Lazada/joinSeller: Test Cases/Lazada/joinSeller

2024-06-25 10:29:15 - [TEST_STEP][PASSED] - openBrowser(lazada): Browser is opened with url: 'https://www.lazada.co.id/'

2024-06-25 10:29:15 - [MESSAGE][WARNING] - A browser is already opened. Closing browser and opening a new one

2024-06-25 10:29:16 - [MESSAGE][INFO] - Starting 'Chrome' driver

2024-06-25 10:29:16 - [MESSAGE][INFO] - Action delay is set to 0 milliseconds

2024-06-25 10:29:41 - [MESSAGE][PASSED] - Browser is opened with url: 'https://www.lazada.co.id/'

2024-06-25 10:29:41 - [TEST_STEP][PASSED] - maximizeWindow(): Current window maximized

2024-06-25 10:29:41 - [MESSAGE][PASSED] - Current window maximized

2024-06-25 10:29:41 - [TEST_STEP][PASSED] - click(findTestObject("div", ["attr":"@id", "val":"topActionSell"])): Object: 'Object Repository/div' is clicked on

2024-06-25 10:31:03 - [MESSAGE][PASSED] - Object: 'Object Repository/div' is clicked on]]></system-out>
         <system-err><![CDATA[]]></system-err>
      </testcase>
      <system-out><![CDATA[2024-06-25 10:25:43 - [TEST_SUITE][PASSED] - lazada: Test Cases/Lazada/joinSeller]]></system-out>
      <system-err><![CDATA[]]></system-err>
   </testsuite>
</testsuites>
